2017-08-15 15:48:15,788 - DEBUG - ------------------
2017-08-15 15:48:15,788 - DEBUG -  - ENTER - ENTER -
2017-08-15 15:48:15,789 - DEBUG - vvvvvvvvvvvvvvvvvv
2017-08-15 15:48:15,789 - DEBUG - here: /Users/rdenton/github/registerguard/email-scrape/algorithm
2017-08-15 15:48:15,789 - DEBUG - log_file_dir: /Users/rdenton/github/registerguard/email-scrape/algorithm/
2017-08-15 15:48:16,848 - DEBUG - dt set
2017-08-15 15:48:17,608 - DEBUG - cb set
2017-08-15 15:48:17,609 - DEBUG - popular set
2017-08-15 15:48:19,285 - DEBUG - ^^^^^^^^^^^^^^^^^^
2017-08-15 15:48:19,285 - DEBUG - - EXIT ---- EXIT -
2017-08-15 15:48:19,285 - DEBUG - ------------------
2017-08-15 15:49:02,710 - DEBUG - ------------------
2017-08-15 15:49:02,710 - DEBUG -  - ENTER - ENTER -
2017-08-15 15:49:02,710 - DEBUG - vvvvvvvvvvvvvvvvvv
2017-08-15 15:49:02,710 - DEBUG - here: /Users/rdenton/github/registerguard/email-scrape/algorithm
2017-08-15 15:49:02,710 - DEBUG - log_file_dir: /Users/rdenton/github/registerguard/email-scrape/algorithm/
2017-08-15 15:49:02,951 - DEBUG - dt set
2017-08-15 15:49:03,166 - DEBUG - cb set
2017-08-15 15:49:03,166 - DEBUG - popular set
2017-08-15 15:49:05,175 - DEBUG - ^^^^^^^^^^^^^^^^^^
2017-08-15 15:49:05,175 - DEBUG - - EXIT ---- EXIT -
2017-08-15 15:49:05,175 - DEBUG - ------------------
2017-08-15 15:49:18,168 - DEBUG - ------------------
2017-08-15 15:49:18,168 - DEBUG -  - ENTER - ENTER -
2017-08-15 15:49:18,168 - DEBUG - vvvvvvvvvvvvvvvvvv
2017-08-15 15:49:18,168 - DEBUG - here: /Users/rdenton/github/registerguard/email-scrape/algorithm
2017-08-15 15:49:18,168 - DEBUG - log_file_dir: /Users/rdenton/github/registerguard/email-scrape/algorithm/
2017-08-15 15:49:18,427 - DEBUG - dt set
2017-08-15 15:49:19,117 - DEBUG - cb set
2017-08-15 15:49:19,117 - DEBUG - popular set
2017-08-15 15:49:20,621 - DEBUG - ^^^^^^^^^^^^^^^^^^
2017-08-15 15:49:20,622 - DEBUG - - EXIT ---- EXIT -
2017-08-15 15:49:20,622 - DEBUG - ------------------
2017-08-16 09:54:07,301 - DEBUG - ------------------
2017-08-16 09:54:07,303 - DEBUG -  - ENTER - ENTER -
2017-08-16 09:54:07,305 - DEBUG - vvvvvvvvvvvvvvvvvv
2017-08-16 09:54:07,511 - DEBUG - dt set
2017-08-16 09:54:08,759 - DEBUG - cb set
2017-08-16 09:54:08,773 - DEBUG - popular set
2017-08-16 09:54:08,807 - DEBUG - ^^^^^^^^^^^^^^^^^^
2017-08-16 09:54:08,811 - DEBUG - - EXIT ---- EXIT -
2017-08-16 09:54:08,813 - DEBUG - ------------------
